<?xml version="1.0" encoding="UTF-8"?>
<testng-results ignored="0" total="1" passed="1" failed="0" skipped="0">
  <reporter-output>
  </reporter-output>
  <suite started-at="2026-04-08T12:16:47 IST" name="Suite" finished-at="2026-04-08T12:16:55 IST" duration-ms="8613">
    <groups>
    </groups>
    <test started-at="2026-04-08T12:16:47 IST" name="Test" finished-at="2026-04-08T12:16:55 IST" duration-ms="8613">
      <class name="com.test.john.GoogleTest">
        <test-method is-config="true" signature="setup()[pri:0, instance:com.test.john.GoogleTest@5c33f1a9]" started-at="2026-04-08T12:16:47 IST" name="setup" finished-at="2026-04-08T12:16:53 IST" duration-ms="6206" status="PASS">
          <reporter-output>
          </reporter-output>
        </test-method> <!-- setup -->
        <test-method signature="testGoogle()[pri:0, instance:com.test.john.GoogleTest@5c33f1a9]" started-at="2026-04-08T12:16:53 IST" name="testGoogle" finished-at="2026-04-08T12:16:55 IST" duration-ms="1959" status="PASS">
          <reporter-output>
          </reporter-output>
        </test-method> <!-- testGoogle -->
        <test-method is-config="true" signature="tearDown()[pri:0, instance:com.test.john.GoogleTest@5c33f1a9]" started-at="2026-04-08T12:16:55 IST" name="tearDown" finished-at="2026-04-08T12:16:55 IST" duration-ms="359" status="PASS">
          <reporter-output>
          </reporter-output>
        </test-method> <!-- tearDown -->
      </class> <!-- com.test.john.GoogleTest -->
    </test> <!-- Test -->
  </suite> <!-- Suite -->
</testng-results>
