<?xml version="1.0" encoding="UTF-8"?>
<testng-results ignored="0" total="1" passed="1" failed="0" skipped="0">
  <reporter-output>
  </reporter-output>
  <suite started-at="2026-04-07T19:44:12 IST" name="Suite" finished-at="2026-04-07T19:44:20 IST" duration-ms="7479">
    <groups>
    </groups>
    <test started-at="2026-04-07T19:44:12 IST" name="Test" finished-at="2026-04-07T19:44:20 IST" duration-ms="7479">
      <class name="com.test.john.GoogleTest">
        <test-method is-config="true" signature="setup()[pri:0, instance:com.test.john.GoogleTest@5c33f1a9]" started-at="2026-04-07T19:44:12 IST" name="setup" finished-at="2026-04-07T19:44:18 IST" duration-ms="6195" status="PASS">
          <reporter-output>
          </reporter-output>
        </test-method> <!-- setup -->
        <test-method signature="testGoogle()[pri:0, instance:com.test.john.GoogleTest@5c33f1a9]" started-at="2026-04-07T19:44:18 IST" name="testGoogle" finished-at="2026-04-07T19:44:19 IST" duration-ms="809" status="PASS">
          <reporter-output>
          </reporter-output>
        </test-method> <!-- testGoogle -->
        <test-method is-config="true" signature="tearDown()[pri:0, instance:com.test.john.GoogleTest@5c33f1a9]" started-at="2026-04-07T19:44:19 IST" name="tearDown" finished-at="2026-04-07T19:44:20 IST" duration-ms="416" status="PASS">
          <reporter-output>
          </reporter-output>
        </test-method> <!-- tearDown -->
      </class> <!-- com.test.john.GoogleTest -->
    </test> <!-- Test -->
  </suite> <!-- Suite -->
</testng-results>
